[    0.000000] Linux version 4.15.0-156-generic (buildd@lcy01-amd64-008) (gcc version 7.5.0 (Ubuntu 7.5.0-3ubuntu1~18.04)) #163-Ubuntu SMP Thu Aug 19 23:31:58 UTC 2021 (Ubuntu 4.15.0-156.163-generic 4.15.18)
[    0.000000] Command line: BOOT_IMAGE=/boot/vmlinuz-4.15.0-156-generic root=LABEL=cloudimg-rootfs ro console=tty1 console=ttyS0
[    0.000000] KERNEL supported cpus:
[    0.000000]   Intel GenuineIntel
[    0.000000]   AMD AuthenticAMD
[    0.000000]   Centaur CentaurHauls
[    0.000000] x86/fpu: Supporting XSAVE feature 0x001: 'x87 floating point registers'
[    0.000000] x86/fpu: Supporting XSAVE feature 0x002: 'SSE registers'
[    0.000000] x86/fpu: Supporting XSAVE feature 0x004: 'AVX registers'
[    0.000000] x86/fpu: xstate_offset[2]:  576, xstate_sizes[2]:  256
[    0.000000] x86/fpu: Enabled xstate features 0x7, context size is 832 bytes, using 'standard' format.
[    0.000000] e820: BIOS-provided physical RAM map:
[    0.000000] BIOS-e820: [mem 0x0000000000000000-0x000000000009fbff] usable
[    0.000000] BIOS-e820: [mem 0x000000000009fc00-0x000000000009ffff] reserved
[    0.000000] BIOS-e820: [mem 0x00000000000f0000-0x00000000000fffff] reserved
[    0.000000] BIOS-e820: [mem 0x0000000000100000-0x000000007ffeffff] usable
[    0.000000] BIOS-e820: [mem 0x000000007fff0000-0x000000007fffffff] ACPI data
[    0.000000] BIOS-e820: [mem 0x00000000fec00000-0x00000000fec00fff] reserved
[    0.000000] BIOS-e820: [mem 0x00000000fee00000-0x00000000fee00fff] reserved
[    0.000000] BIOS-e820: [mem 0x00000000fffc0000-0x00000000ffffffff] reserved
[    0.000000] NX (Execute Disable) protection: active
[    0.000000] SMBIOS 2.5 present.
[    0.000000] DMI: innotek GmbH VirtualBox/VirtualBox, BIOS VirtualBox 12/01/2006
[    0.000000] Hypervisor detected: KVM
[    0.000000] e820: last_pfn = 0x7fff0 max_arch_pfn = 0x400000000
[    0.000000] MTRR: Disabled
[    0.000000] x86/PAT: MTRRs disabled, skipping PAT initialization too.
[    0.000000] CPU MTRRs all blank - virtualized system.
[    0.000000] x86/PAT: Configuration [0-7]: WB  WT  UC- UC  WB  WT  UC- UC  
[    0.000000] found SMP MP-table at [mem 0x0009fff0-0x0009ffff]
[    0.000000] Scanning 1 areas for low memory corruption
[    0.000000] RAMDISK: [mem 0x359cf000-0x36cdefff]
[    0.000000] ACPI: Early table checksum verification disabled
[    0.000000] ACPI: RSDP 0x00000000000E0000 000024 (v02 VBOX  )
[    0.000000] ACPI: XSDT 0x000000007FFF0030 00003C (v01 VBOX   VBOXXSDT 00000001 ASL  00000061)
[    0.000000] ACPI: FACP 0x000000007FFF00F0 0000F4 (v04 VBOX   VBOXFACP 00000001 ASL  00000061)
[    0.000000] ACPI: DSDT 0x000000007FFF0470 002325 (v02 VBOX   VBOXBIOS 00000002 INTL 20100528)
[    0.000000] ACPI: FACS 0x000000007FFF0200 000040
[    0.000000] ACPI: FACS 0x000000007FFF0200 000040
[    0.000000] ACPI: APIC 0x000000007FFF0240 00005C (v02 VBOX   VBOXAPIC 00000001 ASL  00000061)
[    0.000000] ACPI: SSDT 0x000000007FFF02A0 0001CC (v01 VBOX   VBOXCPUT 00000002 INTL 20100528)
[    0.000000] ACPI: Reserving FACP table memory at [mem 0x7fff00f0-0x7fff01e3]
[    0.000000] ACPI: Reserving DSDT table memory at [mem 0x7fff0470-0x7fff2794]
[    0.000000] ACPI: Reserving FACS table memory at [mem 0x7fff0200-0x7fff023f]
[    0.000000] ACPI: Reserving FACS table memory at [mem 0x7fff0200-0x7fff023f]
[    0.000000] ACPI: Reserving APIC table memory at [mem 0x7fff0240-0x7fff029b]
[    0.000000] ACPI: Reserving SSDT table memory at [mem 0x7fff02a0-0x7fff046b]
[    0.000000] No NUMA configuration found
[    0.000000] Faking a node at [mem 0x0000000000000000-0x000000007ffeffff]
[    0.000000] NODE_DATA(0) allocated [mem 0x7ffc5000-0x7ffeffff]
[    0.000000] kvm-clock: cpu 0, msr 0:7ff44001, primary cpu clock
[    0.000000] kvm-clock: Using msrs 4b564d01 and 4b564d00
[    0.000000] kvm-clock: using sched offset of 3187652115 cycles
[    0.000000] clocksource: kvm-clock: mask: 0xffffffffffffffff max_cycles: 0x1cd42e4dffb, max_idle_ns: 881590591483 ns
[    0.000000] Zone ranges:
[    0.000000]   DMA      [mem 0x0000000000001000-0x0000000000ffffff]
[    0.000000]   DMA32    [mem 0x0000000001000000-0x000000007ffeffff]
[    0.000000]   Normal   empty
[    0.000000]   Device   empty
[    0.000000] Movable zone start for each node
[    0.000000] Early memory node ranges
[    0.000000]   node   0: [mem 0x0000000000001000-0x000000000009efff]
[    0.000000]   node   0: [mem 0x0000000000100000-0x000000007ffeffff]
[    0.000000] Reserved but unavailable: 104 pages
[    0.000000] Initmem setup node 0 [mem 0x0000000000001000-0x000000007ffeffff]
[    0.000000] ACPI: PM-Timer IO Port: 0x4008
[    0.000000] IOAPIC[0]: apic_id 2, version 32, address 0xfec00000, GSI 0-23
[    0.000000] ACPI: INT_SRC_OVR (bus 0 bus_irq 0 global_irq 2 dfl dfl)
[    0.000000] ACPI: INT_SRC_OVR (bus 0 bus_irq 9 global_irq 9 low level)
[    0.000000] Using ACPI (MADT) for SMP configuration information
[    0.000000] smpboot: Allowing 2 CPUs, 0 hotplug CPUs
[    0.000000] PM: Registered nosave memory: [mem 0x00000000-0x00000fff]
[    0.000000] PM: Registered nosave memory: [mem 0x0009f000-0x0009ffff]
[    0.000000] PM: Registered nosave memory: [mem 0x000a0000-0x000effff]
[    0.000000] PM: Registered nosave memory: [mem 0x000f0000-0x000fffff]
[    0.000000] e820: [mem 0x80000000-0xfebfffff] available for PCI devices
[    0.000000] Booting paravirtualized kernel on KVM
[    0.000000] clocksource: refined-jiffies: mask: 0xffffffff max_cycles: 0xffffffff, max_idle_ns: 7645519600211568 ns
[    0.000000] random: get_random_bytes called from start_kernel+0x99/0x500 with crng_init=0
[    0.000000] setup_percpu: NR_CPUS:8192 nr_cpumask_bits:2 nr_cpu_ids:2 nr_node_ids:1
[    0.000000] percpu: Embedded 45 pages/cpu s147456 r8192 d28672 u1048576
[    0.000000] PV qspinlock hash table entries: 256 (order: 0, 4096 bytes)
[    0.000000] Built 1 zonelists, mobility grouping on.  Total pages: 515961
[    0.000000] Policy zone: DMA32
[    0.000000] Kernel command line: BOOT_IMAGE=/boot/vmlinuz-4.15.0-156-generic root=LABEL=cloudimg-rootfs ro console=tty1 console=ttyS0
[    0.000000] Memory: 2014908K/2096696K available (12300K kernel code, 2483K rwdata, 4320K rodata, 2448K init, 2724K bss, 81788K reserved, 0K cma-reserved)
[    0.000000] SLUB: HWalign=64, Order=0-3, MinObjects=0, CPUs=2, Nodes=1
[    0.000000] ftrace: allocating 39466 entries in 155 pages
[    0.004000] Hierarchical RCU implementation.
[    0.004000] 	RCU restricting CPUs from NR_CPUS=8192 to nr_cpu_ids=2.
[    0.004000] 	Tasks RCU enabled.
[    0.004000] RCU: Adjusting geometry for rcu_fanout_leaf=16, nr_cpu_ids=2
[    0.004000] NR_IRQS: 524544, nr_irqs: 440, preallocated irqs: 16
[    0.004000] Console: colour VGA+ 80x25
[    0.004000] console [tty1] enabled
[    0.004000] console [ttyS0] enabled
[    0.004000] ACPI: Core revision 20170831
[    0.004000] ACPI: 2 ACPI AML tables successfully acquired and loaded
[    0.004000] APIC: Switch to symmetric I/O mode setup
[    0.004000] x2apic enabled
[    0.004000] Switched APIC routing to physical x2apic.
[    0.004000] ..TIMER: vector=0x30 apic1=0 pin1=2 apic2=-1 pin2=-1
[    0.004000] tsc: Detected 2304.002 MHz processor
[    0.004000] Calibrating delay loop (skipped) preset value.. 4608.00 BogoMIPS (lpj=9216008)
[    0.004003] pid_max: default: 32768 minimum: 301
[    0.004525] Security Framework initialized
[    0.004949] Yama: becoming mindful.
[    0.005350] AppArmor: AppArmor initialized
[    0.008050] Dentry cache hash table entries: 262144 (order: 9, 2097152 bytes)
[    0.011247] Inode-cache hash table entries: 131072 (order: 8, 1048576 bytes)
[    0.012009] Mount-cache hash table entries: 4096 (order: 3, 32768 bytes)
[    0.012727] Mountpoint-cache hash table entries: 4096 (order: 3, 32768 bytes)
[    0.013600] Last level iTLB entries: 4KB 0, 2MB 0, 4MB 0
[    0.014130] Last level dTLB entries: 4KB 0, 2MB 0, 4MB 0, 1GB 0
[    0.014733] Spectre V1 : Mitigation: usercopy/swapgs barriers and __user pointer sanitization
[    0.016001] Spectre V2 : Mitigation: Full generic retpoline
[    0.016552] Spectre V2 : Spectre v2 / SpectreRSB mitigation: Filling RSB on context switch
[    0.017414] Speculative Store Bypass: Vulnerable
[    0.018003] Freeing SMP alternatives memory: 36K
[    0.129274] smpboot: CPU0: 11th Gen Intel(R) Core(TM) i7-11800H @ 2.30GHz (family: 0x6, model: 0x8d, stepping: 0x1)
[    0.130372] Performance Events: unsupported p6 CPU model 141 no PMU driver, software events only.
[    0.131302] Hierarchical SRCU implementation.
[    0.132000] NMI watchdog: Perf event create on CPU 0 failed with -2
[    0.132000] NMI watchdog: Perf NMI watchdog permanently disabled
[    0.132027] smp: Bringing up secondary CPUs ...
[    0.132559] x86: Booting SMP configuration:
[    0.132989] .... node  #0, CPUs:      #1
[    0.004000] kvm-clock: cpu 1, msr 0:7ff44041, secondary cpu clock
[    0.136015] smp: Brought up 1 node, 2 CPUs
[    0.136441] smpboot: Max logical packages: 1
[    0.136875] smpboot: Total of 2 processors activated (9216.00 BogoMIPS)
[    0.137698] devtmpfs: initialized
[    0.137698] x86/mm: Memory block size: 128MB
[    0.137698] evm: security.selinux
[    0.137698] evm: security.SMACK64
[    0.137698] evm: security.SMACK64EXEC
[    0.140003] evm: security.SMACK64TRANSMUTE
[    0.140534] evm: security.SMACK64MMAP
[    0.140914] evm: security.apparmor
[    0.141281] evm: security.ima
[    0.141601] evm: security.capability
[    0.141989] clocksource: jiffies: mask: 0xffffffff max_cycles: 0xffffffff, max_idle_ns: 7645041785100000 ns
[    0.141989] futex hash table entries: 512 (order: 3, 32768 bytes)
[    0.141989] pinctrl core: initialized pinctrl subsystem
[    0.144063] RTC time: 14:24:58, date: 09/28/21
[    0.144669] NET: Registered protocol family 16
[    0.145182] audit: initializing netlink subsys (disabled)
[    0.145731] audit: type=2000 audit(1632839102.812:1): state=initialized audit_enabled=0 res=1
[    0.145731] cpuidle: using governor ladder
[    0.145731] cpuidle: using governor menu
[    0.145731] ACPI: bus type PCI registered
[    0.148004] acpiphp: ACPI Hot Plug PCI Controller Driver version: 0.5
[    0.148689] PCI: Using configuration type 1 for base access
[    0.149252] HugeTLB registered 2.00 MiB page size, pre-allocated 0 pages
[    0.152044] ACPI: Added _OSI(Module Device)
[    0.152487] ACPI: Added _OSI(Processor Device)
[    0.152948] ACPI: Added _OSI(3.0 _SCP Extensions)
[    0.153438] ACPI: Added _OSI(Processor Aggregator Device)
[    0.156004] ACPI: Added _OSI(Linux-Dell-Video)
[    0.156468] ACPI: Added _OSI(Linux-Lenovo-NV-HDMI-Audio)
[    0.157086] ACPI: Added _OSI(Linux-HPI-Hybrid-Graphics)
[    0.157811] ACPI: Executed 1 blocks of module-level executable AML code
[    0.160632] ACPI: Interpreter enabled
[    0.161048] ACPI: (supports S0 S5)
[    0.161407] ACPI: Using IOAPIC for interrupt routing
[    0.162070] PCI: Using host bridge windows from ACPI; if necessary, use "pci=nocrs" and report a bug
[    0.163083] ACPI: Enabled 2 GPEs in block 00 to 07
[    0.166891] ACPI: PCI Root Bridge [PCI0] (domain 0000 [bus 00-ff])
[    0.167512] acpi PNP0A03:00: _OSC: OS supports [ASPM ClockPM Segments MSI]
[    0.168284] acpi PNP0A03:00: _OSC: not requesting OS control; OS requires [ExtendedConfig ASPM ClockPM MSI]
[    0.169267] acpi PNP0A03:00: fail to add MMCONFIG information, can't access extended PCI configuration space under this bridge.
[    0.170624] PCI host bridge to bus 0000:00
[    0.171067] pci_bus 0000:00: root bus resource [io  0x0000-0x0cf7 window]
[    0.171863] pci_bus 0000:00: root bus resource [io  0x0d00-0xffff window]
[    0.172001] pci_bus 0000:00: root bus resource [mem 0x000a0000-0x000bffff window]
[    0.172763] pci_bus 0000:00: root bus resource [mem 0x80000000-0xfdffffff window]
[    0.173524] pci_bus 0000:00: root bus resource [bus 00-ff]
[    0.176141] pci 0000:00:01.1: legacy IDE quirk: reg 0x10: [io  0x01f0-0x01f7]
[    0.177021] pci 0000:00:01.1: legacy IDE quirk: reg 0x14: [io  0x03f6]
[    0.177668] pci 0000:00:01.1: legacy IDE quirk: reg 0x18: [io  0x0170-0x0177]
[    0.178483] pci 0000:00:01.1: legacy IDE quirk: reg 0x1c: [io  0x0376]
[    0.187685] pci 0000:00:07.0: quirk: [io  0x4000-0x403f] claimed by PIIX4 ACPI
[    0.188007] pci 0000:00:07.0: quirk: [io  0x4100-0x410f] claimed by PIIX4 SMB
[    0.191547] ACPI: PCI Interrupt Link [LNKA] (IRQs 5 9 10 *11)
[    0.192180] ACPI: PCI Interrupt Link [LNKB] (IRQs 5 9 *10 11)
[    0.192963] ACPI: PCI Interrupt Link [LNKC] (IRQs 5 *9 10 11)
[    0.193655] ACPI: PCI Interrupt Link [LNKD] (IRQs 5 9 10 *11)
[    0.194460] SCSI subsystem initialized
[    0.194885] pci 0000:00:02.0: vgaarb: setting as boot VGA device
[    0.194885] pci 0000:00:02.0: vgaarb: VGA device added: decodes=io+mem,owns=io+mem,locks=none
[    0.196006] pci 0000:00:02.0: vgaarb: bridge control possible
[    0.196595] vgaarb: loaded
[    0.196909] ACPI: bus type USB registered
[    0.197338] usbcore: registered new interface driver usbfs
[    0.197920] usbcore: registered new interface driver hub
[    0.198551] usbcore: registered new device driver usb
[    0.200017] EDAC MC: Ver: 3.0.0
[    0.200129] PCI: Using ACPI for IRQ routing
[    0.200621] NetLabel: Initializing
[    0.200985] NetLabel:  domain hash size = 128
[    0.201437] NetLabel:  protocols = UNLABELED CIPSOv4 CALIPSO
[    0.202013] NetLabel:  unlabeled traffic allowed by default
[    0.202598] clocksource: Switched to clocksource kvm-clock
[    0.214676] VFS: Disk quotas dquot_6.6.0
[    0.215154] VFS: Dquot-cache hash table entries: 512 (order 0, 4096 bytes)
[    0.215971] AppArmor: AppArmor Filesystem Enabled
[    0.216568] pnp: PnP ACPI init
[    0.217485] pnp: PnP ACPI: found 3 devices
[    0.222966] clocksource: acpi_pm: mask: 0xffffff max_cycles: 0xffffff, max_idle_ns: 2085701024 ns
[    0.223880] NET: Registered protocol family 2
[    0.224639] IP idents hash table entries: 32768 (order: 6, 262144 bytes)
[    0.225439] TCP established hash table entries: 16384 (order: 5, 131072 bytes)
[    0.226284] TCP bind hash table entries: 16384 (order: 6, 262144 bytes)
[    0.228601] TCP: Hash tables configured (established 16384 bind 16384)
[    0.230145] UDP hash table entries: 1024 (order: 3, 32768 bytes)
[    0.230743] UDP-Lite hash table entries: 1024 (order: 3, 32768 bytes)
[    0.231478] NET: Registered protocol family 1
[    0.231939] pci 0000:00:00.0: Limiting direct PCI/PCI transfers
[    0.232557] pci 0000:00:01.0: Activating ISA DMA hang workarounds
[    0.233334] pci 0000:00:02.0: Video device with shadowed ROM at [mem 0x000c0000-0x000dffff]
[    0.234228] Unpacking initramfs...
[    0.479971] Freeing initrd memory: 19520K
[    0.480646] clocksource: tsc: mask: 0xffffffffffffffff max_cycles: 0x2135f9f0f74, max_idle_ns: 440795301392 ns
[    0.481941] platform rtc_cmos: registered platform RTC device (no PNP device found)
[    0.482794] Scanning for low memory corruption every 60 seconds
[    0.484115] Initialise system trusted keyrings
[    0.484595] Key type blacklist registered
[    0.485163] workingset: timestamp_bits=36 max_order=19 bucket_order=0
[    0.489472] zbud: loaded
[    0.490286] squashfs: version 4.0 (2009/01/31) Phillip Lougher
[    0.491109] fuse init (API version 7.26)
[    0.493017] Key type asymmetric registered
[    0.493465] Asymmetric key parser 'x509' registered
[    0.493995] Block layer SCSI generic (bsg) driver version 0.4 loaded (major 246)
[    0.494807] io scheduler noop registered
[    0.495261] io scheduler deadline registered
[    0.495721] io scheduler cfq registered (default)
[    0.496409] ACPI: AC Adapter [AC] (on-line)
[    0.496922] input: Power Button as /devices/LNXSYSTM:00/LNXPWRBN:00/input/input0
[    0.497734] ACPI: Power Button [PWRF]
[    0.498248] input: Sleep Button as /devices/LNXSYSTM:00/LNXSLPBN:00/input/input1
[    0.499012] ACPI: Sleep Button [SLPF]
[    0.499634] Serial: 8250/16550 driver, 32 ports, IRQ sharing enabled
[    0.507198] ACPI: Battery Slot [BAT0] (battery present)
[    0.521728] 00:02: ttyS0 at I/O 0x3f8 (irq = 4, base_baud = 115200) is a 16550A
[    0.524002] Linux agpgart interface v0.103
[    0.525503] loop: module loaded
[    0.526424] scsi host0: ata_piix
[    0.527163] scsi host1: ata_piix
[    0.527563] ata1: PATA max UDMA/33 cmd 0x1f0 ctl 0x3f6 bmdma 0xd000 irq 14
[    0.528336] ata2: PATA max UDMA/33 cmd 0x170 ctl 0x376 bmdma 0xd008 irq 15
[    0.529108] libphy: Fixed MDIO Bus: probed
[    0.529585] tun: Universal TUN/TAP device driver, 1.6
[    0.530295] PPP generic driver version 2.4.2
[    0.530798] ehci_hcd: USB 2.0 'Enhanced' Host Controller (EHCI) Driver
[    0.531559] ehci-pci: EHCI PCI platform driver
[    0.532165] ehci-platform: EHCI generic platform driver
[    0.532747] ohci_hcd: USB 1.1 'Open' Host Controller (OHCI) Driver
[    0.533402] ohci-pci: OHCI PCI platform driver
[    0.533893] ohci-platform: OHCI generic platform driver
[    0.534453] uhci_hcd: USB Universal Host Controller Interface driver
[    0.535144] i8042: PNP: PS/2 Controller [PNP0303:PS2K,PNP0f03:PS2M] at 0x60,0x64 irq 1,12
[    0.536509] serio: i8042 KBD port at 0x60,0x64 irq 1
[    0.537088] serio: i8042 AUX port at 0x60,0x64 irq 12
[    0.537669] mousedev: PS/2 mouse device common for all mice
[    0.538419] input: AT Translated Set 2 keyboard as /devices/platform/i8042/serio0/input/input2
[    0.539589] rtc_cmos rtc_cmos: rtc core: registered rtc_cmos as rtc0
[    0.540320] rtc_cmos rtc_cmos: alarms up to one day, 114 bytes nvram
[    0.541125] i2c /dev entries driver
[    0.541548] device-mapper: uevent: version 1.0.3
[    0.542178] device-mapper: ioctl: 4.37.0-ioctl (2017-09-20) initialised: dm-devel@redhat.com
[    0.543211] ledtrig-cpu: registered to indicate activity on CPUs
[    0.544331] NET: Registered protocol family 10
[    0.546927] Segment Routing with IPv6
[    0.547364] NET: Registered protocol family 17
[    0.547956] Key type dns_resolver registered
[    0.548620] mce: Using 0 MCE banks
[    0.549030] RAS: Correctable Errors collector initialized.
[    0.549625] sched_clock: Marking stable (548583510, 0)->(674744485, -126160975)
[    0.550692] registered taskstats version 1
[    0.551152] Loading compiled-in X.509 certificates
[    0.552935] Loaded X.509 cert 'Build time autogenerated kernel key: b39ba71f7e5bf175906d0a602aa7bdc709562f9b'
[    0.554452] Loaded X.509 cert 'Canonical Ltd. Live Patch Signing: 14df34d1a87cf37625abec039ef2bf521249b969'
[    0.555885] Loaded X.509 cert 'Canonical Ltd. Kernel Module Signing: 88f752e560a1e0737e31163a466ad7b70a850c19'
[    0.557073] zswap: loaded using pool lzo/zbud
[    0.559663] Key type big_key registered
[    0.561322] Key type trusted registered
[    0.562758] Key type encrypted registered
[    0.563222] AppArmor: AppArmor sha1 policy hashing enabled
[    0.563807] ima: No TPM chip found, activating TPM-bypass! (rc=-19)
[    0.564639] ima: Allocated hash algorithm: sha1
[    0.565163] evm: HMAC attrs: 0x1
[    0.565659]   Magic number: 5:981:435
[    0.566182] rtc_cmos rtc_cmos: setting system clock to 2021-09-28 14:24:58 UTC (1632839098)
[    0.567210] BIOS EDD facility v0.16 2004-Jun-25, 0 devices found
[    0.567857] EDD information not available.
[    0.712267] Freeing unused kernel image memory: 2448K
[    0.724812] Write protecting the kernel read-only data: 20480k
[    0.725892] Freeing unused kernel image memory: 2008K
[    0.726615] Freeing unused kernel image memory: 1824K
[    0.730175] x86/mm: Checked W+X mappings: passed, no W+X pages found.
Loading, please wait...
starting version 237
[    0.766978] e1000: Intel(R) PRO/1000 Network Driver - version 7.3.21-k8-NAPI
[    0.767723] e1000: Copyright (c) 1999-2006 Intel Corporation.
[    0.770466] Fusion MPT base driver 3.04.20
[    0.770941] Copyright (c) 1999-2008 LSI Corporation
[    0.773870] Fusion MPT SPI Host driver 3.04.20
[    0.775838] mptbase: ioc0: Initiating bringup
[    0.785083] AVX2 version of gcm_enc/dec engaged.
[    0.785585] AES CTR mode by8 optimization enabled
[    1.030913] ioc0: LSI53C1030 A0: Capabilities={Initiator}
[    1.033967] input: ImExPS/2 Generic Explorer Mouse as /devices/platform/i8042/serio1/input/input4
[    2.820040] scsi host2: ioc0: LSI53C1030 A0, FwRev=00000000h, Ports=1, MaxQ=256, IRQ=20
[    4.496439] scsi 2:0:0:0: Direct-Access     VBOX     HARDDISK         1.0  PQ: 0 ANSI: 5
[    4.680712] scsi target2:0:0: Beginning Domain Validation
[    4.727204] scsi target2:0:0: Domain Validation skipping write tests
[    4.728110] scsi target2:0:0: Ending Domain Validation
[    4.732393] scsi target2:0:0: asynchronous
[    4.744340] scsi 2:0:1:0: Direct-Access     VBOX     HARDDISK         1.0  PQ: 0 ANSI: 5
[    4.779347] scsi target2:0:1: Beginning Domain Validation
[    4.785001] random: fast init done
[    4.785566] scsi target2:0:1: Domain Validation skipping write tests
[    4.786256] scsi target2:0:1: Ending Domain Validation
[    4.786824] scsi target2:0:1: asynchronous
[    4.789519] random: systemd-udevd: uninitialized urandom read (16 bytes read)
[    4.790476] random: systemd-udevd: uninitialized urandom read (16 bytes read)
[    4.791266] random: systemd-udevd: uninitialized urandom read (16 bytes read)
[    4.792191] sd 2:0:0:0: Attached scsi generic sg0 type 0
[    4.792986] sd 2:0:1:0: Attached scsi generic sg1 type 0
[    4.793759] sd 2:0:1:0: [sdb] 20480 512-byte logical blocks: (10.5 MB/10.0 MiB)
[    4.794581] sd 2:0:1:0: [sdb] Write Protect is off
[    4.795193] sd 2:0:1:0: [sdb] Incomplete mode parameter data
[    4.795796] sd 2:0:1:0: [sdb] Assuming drive cache: write through
[    4.799481] sd 2:0:1:0: [sdb] Attached SCSI disk
[    4.800212] sd 2:0:0:0: [sda] 83886080 512-byte logical blocks: (42.9 GB/40.0 GiB)
[    4.801484] sd 2:0:0:0: [sda] Write Protect is off
[    4.805856] sd 2:0:0:0: [sda] Incomplete mode parameter data
[    4.806599] sd 2:0:0:0: [sda] Assuming drive cache: write through
[    4.808882]  sda: sda1
[    4.809543] sd 2:0:0:0: [sda] Attached SCSI disk
[    4.992094] e1000 0000:00:03.0 eth0: (PCI:33MHz:32-bit) 02:44:ae:01:d7:50
[    4.993013] e1000 0000:00:03.0 eth0: Intel(R) PRO/1000 Network Connection
[    4.994391] e1000 0000:00:03.0 enp0s3: renamed from eth0
Begin: Loading essential drivers ... [    6.752056] raid6: sse2x1   gen() 19521 MB/s
[    6.800059] raid6: sse2x1   xor() 12081 MB/s
[    6.848057] raid6: sse2x2   gen() 25061 MB/s
[    6.896008] raid6: sse2x2   xor() 16158 MB/s
[    6.944062] raid6: sse2x4   gen() 26038 MB/s
[    6.992014] raid6: sse2x4   xor() 15037 MB/s
[    7.040056] raid6: avx2x1   gen() 36412 MB/s
[    7.088016] raid6: avx2x1   xor() 22431 MB/s
[    7.136059] raid6: avx2x2   gen() 43538 MB/s
[    7.184014] raid6: avx2x2   xor() 29642 MB/s
[    7.232058] raid6: avx2x4   gen() 43913 MB/s
[    7.280011] raid6: avx2x4   xor() 26366 MB/s
[    7.280612] raid6: using algorithm avx2x4 gen() 43913 MB/s
[    7.281275] raid6: .... xor() 26366 MB/s, rmw enabled
[    7.281993] raid6: using avx2x2 recovery algorithm
[    7.283444] xor: automatically using best checksumming function   avx       
[    7.285208] async_tx: api initialized (async)
done.
Begin: Running /scripts/init-premount ... done.
Begin: Mounting root file system ... Begin: Running /scripts/local-top ... done.
Begin: Running /scripts/local-premount ... [    7.310894] Btrfs loaded, crc32c=crc32c-intel
Scanning for Btrfs filesystems
done.
Warning: fsck not present, so skipping root file system
[    7.329540] EXT4-fs (sda1): mounted filesystem with ordered data mode. Opts: (null)
done.
Begin: Running /scripts/local-bottom ... done.
Begin: Running /scripts/init-bottom ... done.
[    7.433383] ip_tables: (C) 2000-2006 Netfilter Core Team
[    7.438159] systemd[1]: systemd 237 running in system mode. (+PAM +AUDIT +SELINUX +IMA +APPARMOR +SMACK +SYSVINIT +UTMP +LIBCRYPTSETUP +GCRYPT +GNUTLS +ACL +XZ +LZ4 +SECCOMP +BLKID +ELFUTILS +KMOD -IDN2 +IDN -PCRE2 default-hierarchy=hybrid)
[    7.440384] systemd[1]: Detected virtualization oracle.
[    7.441002] systemd[1]: Detected architecture x86-64.

Welcome to [1mUbuntu 18.04.6 LTS[0m!

[    7.444269] systemd[1]: Set hostname to <ubuntu>.
[    7.446335] systemd[1]: Initializing machine ID from random generator.
[    7.447055] systemd[1]: Installed transient /etc/machine-id file.
[    7.589828] systemd[1]: Reached target User and Group Name Lookups.
[[0;32m  OK  [0m] Reached target User and Group Name Lookups.
[    7.591126] systemd[1]: Reached target System Time Synchronized.
[[0;32m  OK  [0m] Reached target System Time Synchronized.
[    7.592349] systemd[1]: Set up automount Arbitrary Executable File Formats File System Automount Point.
[[0;32m  OK  [0m] Set up automount Arbitrary Executab…rmats File System Automount Point.
[    7.594006] systemd[1]: Reached target Swap.
[[0;32m  OK  [0m] Reached target Swap.
[[0;32m  OK  [0m] Started Forward Password Requests to Wall Directory Watch.
[[0;32m  OK  [0m] Created slice System Slice.
[[0;32m  OK  [0m] Listening on Journal Socket (/dev/log).
[[0;32m  OK  [0m] Listening on Journal Audit Socket.
[[0;32m  OK  [0m] Listening on udev Control Socket.
[[0;32m  OK  [0m] Listening on Device-mapper event daemon FIFOs.
[[0;32m  OK  [0m] Listening on LVM2 metadata daemon socket.
[[0;32m  OK  [0m] Listening on Network Service Netlink Socket.
[[0;32m  OK  [0m] Listening on udev Kernel Socket.
[[0;32m  OK  [0m] Listening on fsck to fsckd communication Socket.
[[0;32m  OK  [0m] Listening on /dev/initctl Compatibility Named Pipe.
[[0;32m  OK  [0m] Created slice User and Session Slice.
[[0;32m  OK  [0m] Reached target Slices.
[[0;32m  OK  [0m] Listening on Journal Socket.
         Starting File System Check on Root Device...
         Starting Monitoring of LVM2 mirrors…ng dmeventd or progress polling...
         Starting Create list of required st…ce nodes for the current kernel...
         Mounting Kernel Debug File System...
         Mounting POSIX Message Queue File System...
         Mounting Huge Pages File System...
         Starting udev Coldplug all Devices...
         Starting Load Kernel Modules...
         Starting Uncomplicated firewall...
[[0;32m  OK  [0m] Listening on Syslog Socket.
         Starting Journal Service...
         Starting Set the console keyboard layout...
[[0;32m  OK  [0m] Created slice system-serial\x2dgetty.slice.
[[0;32m  OK  [0m] Listening on LVM2 poll daemon socket.
[[0;32m  OK  [0m] Started Create list of required sta…vice nodes for the current kernel.
[[0;32m  OK  [0m] Mounted Kernel Debug File System.
[[0;32m  OK  [0m] Mounted POSIX Message Queue File System.
[[0;32m  OK  [0m] Mounted Huge Pages File System.
[[0;32m  OK  [0m] Started File System Check Daemon to report status.
[[0;32m  OK  [0m] Started LVM2 metadata daemon.
         Starting Create Static Device Nodes in /dev...
[    7.667061] Loading iSCSI transport class v2.0-870.
[    7.671242] iscsi: registered transport (tcp)
[    7.690570] iscsi: registered transport (iser)
[[0;32m  OK  [0m] Started Load Kernel Modules.
         Starting Apply Kernel Variables...
         Mounting FUSE Control File System...
         Mounting Kernel Configuration File System...
[[0;32m  OK  [0m] Started udev Coldplug all Devices.
[[0;32m  OK  [0m] Started Uncomplicated firewall.
[[0;32m  OK  [0m] Mounted FUSE Control File System.
[[0;32m  OK  [0m] Mounted Kernel Configuration File System.
[[0;32m  OK  [0m] Started Journal Service.
[[0;32m  OK  [0m] Started File System Check on Root Device.
         Starting Remount Root and Kernel File Systems...
[[0;32m  OK  [0m] Started Create Static Device Nodes in /dev.
[[0;32m  OK  [0m] Started Apply Kernel Variables.
[[0;32m  OK  [0m] Started Remount Root and Kernel File Systems.
         Starting Flush Journal to Persistent Storage...
         Starting udev Kernel Device Manager...
         Starting Load/Save Random Seed...
[[0;32m  OK  [0m] Started Monitoring of LVM2 mirrors,…sing dmeventd or progress polling.
[[0;32m  OK  [0m] Started udev Kernel Device Manager.
[[0;32m  OK  [0m] Started Load/Save Random Seed.
[[0;32m  OK  [0m] Started Flush Journal to Persistent Storage.
[[0;32m  OK  [0m] Started Set the console keyboard layout.
[[0;32m  OK  [0m] Started Dispatch Password Requests to Console Directory Watch.
[[0;32m  OK  [0m] Reached target Local Encrypted Volumes.
[[0;32m  OK  [0m] Reached target Local File Systems (Pre).
[[0;32m  OK  [0m] Reached target Local File Systems.
         Starting AppArmor initialization...
         Starting Create Volatile Files and Directories...
         Starting Set console font and keymap...
         Starting ebtables ruleset management...
         Starting Commit a transient machine-id on disk...
         Starting Tell Plymouth To Write Out Runtime Data...
[[0;32m  OK  [0m] Started Set console font and keymap.
[[0;32m  OK  [0m] Started Tell Plymouth To Write Out Runtime Data.
[[0;32m  OK  [0m] Started Create Volatile Files and Directories.
         Starting Update UTMP about System Boot/Shutdown...
[[0;32m  OK  [0m] Started Update UTMP about System Boot/Shutdown.
[[0;32m  OK  [0m] Started Commit a transient machine-id on disk.
[[0;32m  OK  [0m] Started ebtables ruleset management.
[[0;32m  OK  [0m] Found device /dev/ttyS0.
[[0;32m  OK  [0m] Listening on Load/Save RF Kill Switch Status /dev/rfkill Watch.
[[0;32m  OK  [0m] Started AppArmor initialization.
         Starting Initial cloud-init job (pre-networking)...
         Starting Load AppArmor profiles managed internally by snapd...
[[0;32m  OK  [0m] Started Load AppArmor profiles managed internally by snapd.
[    9.109839] cloud-init[576]: Cloud-init v. 21.2-3-g899bfaa9-0ubuntu2~18.04.1 running 'init-local' at Tue, 28 Sep 2021 14:25:06 +0000. Up 8.90 seconds.
[[0;32m  OK  [0m] Started Initial cloud-init job (pre-networking).
[[0;32m  OK  [0m] Reached target Network (Pre).
         Starting Network Service...
[[0;32m  OK  [0m] Started Network Service.
         Starting Network Name Resolution...
         Starting Wait for Network to be Configured...
[[0;32m  OK  [0m] Started Network Name Resolution.
[[0;32m  OK  [0m] Reached target Network.
[[0;32m  OK  [0m] Reached target Host and Network Name Lookups.
[[0;32m  OK  [0m] Started Wait for Network to be Configured.
         Starting Initial cloud-init job (metadata service crawler)...
[   10.978661] cloud-init[722]: Cloud-init v. 21.2-3-g899bfaa9-0ubuntu2~18.04.1 running 'init' at Tue, 28 Sep 2021 14:25:08 +0000. Up 10.90 seconds.
[   10.979547] cloud-init[722]: ci-info: ++++++++++++++++++++++++++++++++++++++Net device info++++++++++++++++++++++++++++++++++++++
[   10.980184] cloud-init[722]: ci-info: +--------+------+----------------------------+---------------+--------+-------------------+
[   10.981105] cloud-init[722]: ci-info: | Device |  Up  |          Address           |      Mask     | Scope  |     Hw-Address    |
[   10.982039] cloud-init[722]: ci-info: +--------+------+----------------------------+---------------+--------+-------------------+
[   10.982999] cloud-init[722]: ci-info: | enp0s3 | True |         10.0.2.15          | 255.255.255.0 | global | 02:44:ae:01:d7:50 |
[   10.983906] cloud-init[722]: ci-info: | enp0s3 | True | fe80::44:aeff:fe01:d750/64 |       .       |  link  | 02:44:ae:01:d7:50 |
[   10.984875] cloud-init[722]: ci-info: |   lo   | True |         127.0.0.1          |   255.0.0.0   |  host  |         .         |
[   10.996149] cloud-init[722]: ci-info: |   lo   | True |          ::1/128           |       .       |  host  |         .         |
[   10.996997] cloud-init[722]: ci-info: +--------+------+----------------------------+---------------+--------+-------------------+
[   10.997865] cloud-init[722]: ci-info: ++++++++++++++++++++++++++++Route IPv4 info+++++++++++++++++++++++++++++
[   10.998620] cloud-init[722]: ci-info: +-------+-------------+----------+-----------------+-----------+-------+
[   10.999364] cloud-init[722]: ci-info: | Route | Destination | Gateway  |     Genmask     | Interface | Flags |
[   11.000164] cloud-init[722]: ci-info: +-------+-------------+----------+-----------------+-----------+-------+
[   11.000927] cloud-init[722]: ci-info: |   0   |   0.0.0.0   | 10.0.2.2 |     0.0.0.0     |   enp0s3  |   UG  |
[   11.001827] cloud-init[722]: ci-info: |   1   |   10.0.2.0  | 0.0.0.0  |  255.255.255.0  |   enp0s3  |   U   |
[   11.002648] cloud-init[722]: ci-info: |   2   |   10.0.2.2  | 0.0.0.0  | 255.255.255.255 |   enp0s3  |   UH  |
[   11.012051] cloud-init[722]: ci-info: +-------+-------------+----------+-----------------+-----------+-------+
[   11.012857] cloud-init[722]: ci-info: +++++++++++++++++++Route IPv6 info+++++++++++++++++++
[   11.013548] cloud-init[722]: ci-info: +-------+-------------+---------+-----------+-------+
[   11.014211] cloud-init[722]: ci-info: | Route | Destination | Gateway | Interface | Flags |
[   11.014866] cloud-init[722]: ci-info: +-------+-------------+---------+-----------+-------+
[   11.015523] cloud-init[722]: ci-info: |   1   |  fe80::/64  |    ::   |   enp0s3  |   U   |
[   11.016211] cloud-init[722]: ci-info: |   3   |    local    |    ::   |   enp0s3  |   U   |
[   11.016874] cloud-init[722]: ci-info: |   4   |   ff00::/8  |    ::   |   enp0s3  |   U   |
[   11.017527] cloud-init[722]: ci-info: +-------+-------------+---------+-----------+-------+
[   11.493521] cloud-init[722]: Generating public/private rsa key pair.
[   11.504345] cloud-init[722]: Your identification has been saved in /etc/ssh/ssh_host_rsa_key.
[[0;32m  OK  [0m] Started Initial cloud-init job (metadata service crawler).
[   11.516406] cloud-init[722]: Your public key has been saved in /etc/ssh/ssh_host_rsa_key.pub.
[   11.517629] [[0;32m  OK  [0m] Reached target Cloud-config availability.
[[0;32m  OK  [0m] Reached target Network is Online.
[[0;32m  OK  [0m] Reached target Remote File Systems (Pre).
[[0;32m  OK  [0m] Reached target Remote File Systems.
cloud-init[722]: The key fingerprint is:
         Starting Availability of block devices...
[[0;32m  OK  [0m] Reached target System Initialization.
[   11.520075] cloud-init[722]: SHA256:FZ+Kr307gxSyf0zG6NUrII83Q1l9cXnDwBCe/GBQVmk root@ubuntu-bionic[[0;32m  OK  [0m] Started ACPI Events Check.
[[0;32m  OK  [0m] Reached target Paths.
[[0;32m  OK  [0m] Listening on UUID daemon activation socket.
[[0;32m  OK  [0m] Listening on D-Bus System Message Bus Socket.
[[0;32m  OK  [0m] Started Ubuntu Advantage update messaging.
[[0;32m  OK  [0m] Listening on Open-iSCSI iscsid Socket.
[[0;32m  OK  [0m] Started Message of the Day.
[[0;32m  OK  [0m] Listening on ACPID Listen Socket.
[[0;32m  OK  [0m] Started Daily Cleanup of Temporary Directories.
         Starting LXD - unix socket.
[[0;32m  OK  [0m] Started Discard unused blocks once a week.
         Starting Socket activation for snappy daemon.
[[0;32m  OK  [0m] Started Daily apt download activities.
[[0;32m  OK  [0m] Started Daily apt upgrade and clean activities.
[[0;32m  OK  [0m] Reached target Timers.

[   11.536704] [cloud-init[0;32m  OK  [0m[722]: ] The key's randomart image is:Listening on LXD - unix socket.

[[0;32m  OK  [0m] Started Availability of block devices.
[   11.537732] [[0;32m  OK  [0m] Listening on Socket activation for snappy daemon.
[[0;32m  OK  [0m] Reached target Sockets.
[[0;32m  OK  [0m] Reached target Basic System.
cloud-init         Starting System Logging Service...
[722]:          Starting LSB: Record successful boot for GRUB...
[[0;32m  OK  [0m] Started irqbalance daemon.
         Starting Accounts Service...
[[0;32m  OK  [0m] Started Deferred execution scheduler.
         Starting LXD - container startup/shutdown...
         Starting Pollinate to seed the pseudo random number generator...
+---[RSA 2048]----+
[[0;32m  OK  [0m] Started Regular background program processing daemon.
[   11.543633] cloud-init[722]: |         .o==o+ .|[[0;32m  OK  [0m] Started FUSE filesystem for LXC.

         Starting Login Service...
[   11.545382] cloud-init[722]: |          =o.E =o|
         Starting LSB: automatic crash report generation...
[   11.546524] cloud-init[722]: |          .*+.  =|
[   11.548519] cloud-init[722]: |        .oo.+ . .|         Starting Snap Daemon...

[   11.549129]          Starting Virtualbox guest utils...
[[0;32m  OK  [0m] Started D-Bus System Message Bus.
cloud-init[722]: |        So.* o . |
[   11.550493] cloud-init[722]: |        o.* = .  |
[   11.550925] cloud-init[722]: |         O.B   . |
[   11.551370] cloud-init[722]: |        .oO B .  |
[   11.551823] cloud-init[722]: |        ...=.=   |
[   11.552293] cloud-init[722]: +----[SHA256]-----+
[   11.552715] cloud-init[722]: Generating public/private dsa key pair.
[   11.556108] cloud-init[722]: Your identification has been saved in /etc/ssh/ssh_host_dsa_key.
[   11.556740] cloud-init[722]: Your public key has been saved in /etc/ssh/ssh_host_dsa_key.pub.
[   11.557339] cloud-init[722]: The key fingerprint is:
[   11.557851] cloud-init[722]: SHA256:5sRUK+JPXckavNvpwof404P+e+naxRmE9/ZlOiLoMWw root@ubuntu-bionic
[   11.558580] cloud-init[722]: The key's randomart image is:
[   11.559029] cloud-init[722]: +---[DSA 1024]----+
[   11.559462] cloud-init[722]: |          .      |
[   11.559861] cloud-init[722]: |         o o ..  |
[   11.560308] cloud-init[722]: |      . o + +. o |
[   11.560742] cloud-init[722]: |     . + o =  o .|
[   11.561219] cloud-init[722]: |      . S +    .=|
[   11.561815] cloud-init[722]: |       B . o . ==|
[   11.562266] cloud-init[722]: |        Eoo++ oo+|
[   11.562704] cloud-init[722]: |       o.o*o+ooo |
[   11.563132] cloud-init[722]: |        .oo==*o  |
[   11.564868] cloud-init[722]: +----[SHA256]-----+
[   11.565296] cloud-init[722]: Generating public/private ecdsa key pair.
[   11.565868] cloud-init[722]: Your identification has been saved in /etc/ssh/ssh_host_ecdsa_key.
[   11.566569] cloud-init[722]: Your public key has been saved in /etc/ssh/ssh_host_ecdsa_key.pub.
[   11.567241] cloud-init[722]: The key fingerprint is:
[   11.567723] cloud-init[722]: SHA256:DEoEOktLQZKC9+3RqUmcjrm+kxpQriVxC2MSFOWtFpE root@ubuntu-bionic
[   11.568465] cloud-init[722]: The key's randomart image is:
[   11.568962] cloud-init[722]: +---[ECDSA 256]---+
[   11.569411] cloud-init[722]: |**++o            |
[   11.570704] cloud-init[722]: |=o+Eo            |
[   11.571120] cloud-init[722]: |O=o+.+.o .       |
[   11.572644] cloud-init[722]: |=X.o+.*oo        |
[   11.573716] cloud-init[722]: |+.+o.* +S        |
[   11.574426] cloud-init[722]: | =. o =          |
[   11.575378] cloud-init[722]: |. .  o           |
[   11.576100] cloud-init[722]: |   .+            |
[   11.576561] cloud-init[722]: |  .ooo           |
[   11.577309] cloud-init[722]: +----[SHA256]-----+
[   11.578464] cloud-init[722]: Generating public/private ed25519 key pair.
[   11.579079] cloud-init[722]: Your identification has been saved in /etc/ssh/ssh_host_ed25519_key.
[   11.579869] cloud-init[722]: Your public key has been saved in /etc/ssh/ssh_host_ed25519_key.pub.
[   11.581201] cloud-init[722]: The key fingerprint is:
[   11.581728] cloud-init[722]: SHA256:2nadDUOZbYvL4O0eU3LJfIiRpmJm+kdn3kvRszqSPvg root@ubuntu-bionic
[   11.582688] cloud-init[722]: The key's randomart image is:
[   11.583211] cloud-init[722]: +--[ED25519 256]--+
[   11.584069] cloud-init[722]: |                 |
[   11.584535] cloud-init[722]: |             =   |
[   11.584988] cloud-init[722]: |            B o  |
[   11.585459] cloud-init[722]: |           + B = |
[   11.585913] cloud-init[722]: |        S o * X.o|
[   11.586322] cloud-init[722]: |       B o.=oX oo|
[   11.586775] cloud-init[722]: |      o o.++X.o. |
[   11.587249] cloud-init[722]: |       o o.=.=o  |
[   11.587759] cloud-init[722]: |        ..oE=.o. |
[   11.588291] cloud-init[722]: +----[SHA256]-----+
         Starting Dispatcher daemon for systemd-networkd...
         Starting Permit User Sessions...
[[0;32m  OK  [0m] Started System Logging Service.
[[0;32m  OK  [0m] Started LXD - container startup/shutdown.
[[0;32m  OK  [0m] Started Permit User Sessions.
[[0;32m  OK  [0m] Started Login Service.
[[0;32m  OK  [0m] Started Unattended Upgrades Shutdown.
         Starting Terminate Plymouth Boot Screen...
         Starting Hold until boot process finishes up...
         Starting Authorization Manager...
[[0;32m  OK  [0m] Started Hold until boot process finishes up.
         Starting Set console scheme...
[[0;32m  OK  [0m] Started Serial Getty on ttyS0.
[[0;32m  OK  [0m] Started Terminate Plymouth Boot Screen.
[[0;32m  OK  [0m] Started Set console scheme.
[[0;32m  OK  [0m] Created slice system-getty.slice.
[[0;32m  OK  [0m] Started Getty on tty1.
[[0;32m  OK  [0m] Reached target Login Prompts.
[[0;32m  OK  [0m] Started LSB: Record successful boot for GRUB.
[[0;32m  OK  [0m] Started LSB: automatic crash report generation.
[[0;32m  OK  [0m] Started Authorization Manager.
[[0;32m  OK  [0m] Started Accounts Service.
[[0;32m  OK  [0m] Started Virtualbox guest utils.
[[0;32m  OK  [0m] Started Dispatcher daemon for systemd-networkd.
[[0;32m  OK  [0m] Started Snap Daemon.
         Starting Wait until snapd is fully seeded...
[[0;32m  OK  [0m] Started Pollinate to seed the pseudo random number generator.
         Starting OpenBSD Secure Shell server...
[[0;32m  OK  [0m] Started OpenBSD Secure Shell server.
[[0;32m  OK  [0m] Created slice User Slice of vagrant.
         Starting User Manager for UID 1000...
[[0;32m  OK  [0m] Started Session 1 of user vagrant.
[[0;32m  OK  [0m] Started User Manager for UID 1000.
[[0;32m  OK  [0m] Started Wait until snapd is fully seeded.
         Starting Apply the settings specified in cloud-config...
[[0;32m  OK  [0m] Reached target Multi-User System.
[[0;32m  OK  [0m] Reached target Graphical Interface.
         Starting Update UTMP about System Runlevel Changes...
[[0;32m  OK  [0m] Started Update UTMP about System Runlevel Changes.
[   14.500633] cloud-init[1414]: Cloud-init v. 21.2-3-g899bfaa9-0ubuntu2~18.04.1 running 'modules:config' at Tue, 28 Sep 2021 14:25:12 +0000. Up 14.24 seconds.
[[0;32m  OK  [0m] Started Apply the settings specified in cloud-config.
         Starting Execute cloud user/final scripts...
ci-info: no authorized SSH keys fingerprints found for user ubuntu.
<14>Sep 28 14:25:12 cloud-init: #############################################################
<14>Sep 28 14:25:12 cloud-init: -----BEGIN SSH HOST KEY FINGERPRINTS-----
<14>Sep 28 14:25:12 cloud-init: 1024 SHA256:5sRUK+JPXckavNvpwof404P+e+naxRmE9/ZlOiLoMWw root@ubuntu-bionic (DSA)
<14>Sep 28 14:25:12 cloud-init: 256 SHA256:DEoEOktLQZKC9+3RqUmcjrm+kxpQriVxC2MSFOWtFpE root@ubuntu-bionic (ECDSA)
<14>Sep 28 14:25:12 cloud-init: 256 SHA256:2nadDUOZbYvL4O0eU3LJfIiRpmJm+kdn3kvRszqSPvg root@ubuntu-bionic (ED25519)
<14>Sep 28 14:25:12 cloud-init: 2048 SHA256:FZ+Kr307gxSyf0zG6NUrII83Q1l9cXnDwBCe/GBQVmk root@ubuntu-bionic (RSA)
<14>Sep 28 14:25:12 cloud-init: -----END SSH HOST KEY FINGERPRINTS-----
<14>Sep 28 14:25:12 cloud-init: #############################################################
-----BEGIN SSH HOST KEY KEYS-----
ecdsa-sha2-nistp256 AAAAE2VjZHNhLXNoYTItbmlzdHAyNTYAAAAIbmlzdHAyNTYAAABBBB9u6D6jW2Lb5Wm0tfnebMhw+cYRXG8wyW4WvGm7LrSCKSMJw0hirgQqkx7/TOSrZ867ZMCyha40glF1tPP2naY= root@ubuntu-bionic
ssh-ed25519 AAAAC3NzaC1lZDI1NTE5AAAAINq3Pk7kSXQEjLlZepsSoeMRlim22C1BuTfjULVSEyw0 root@ubuntu-bionic
ssh-rsa AAAAB3NzaC1yc2EAAAADAQABAAABAQCv3XwxIgqgvmUurHjCuuPb9G9cxziRbtR1toCdDCOep/gvSWZcHJzMRk2T0mZgkrLN2m8oeLcrchzIr7zt4Mjwd32xmzae841JFQ5fjJpi2xhKo6AfCtWW6UzS0Xf22LbP3JCQ7LGaMX14acF1jQMUdhaVx7pmEbZPV3LWrYSDCMA4JFU0ALeR2bdkzCJdOCaZiWMMTmlmTEib1t3kTZ1ZH/QKNSGM4TEOicUds0wiezi4LWW4EU/AB6q96GFZzcmslHkUIspLWjoWTbR56WoRT5jewg8JhJT8ygXhXyakB4OlZMaH57PI55u4fGNVGL1aTmTSw4MTG9rdmzai3AJT root@ubuntu-bionic
-----END SSH HOST KEY KEYS-----
[   14.797286] cloud-init[1517]: Cloud-init v. 21.2-3-g899bfaa9-0ubuntu2~18.04.1 running 'modules:final' at Tue, 28 Sep 2021 14:25:12 +0000. Up 14.71 seconds.
[   14.798230] cloud-init[1517]: ci-info: no authorized SSH keys fingerprints found for user ubuntu.
[   14.798848] cloud-init[1517]: Cloud-init v. 21.2-3-g899bfaa9-0ubuntu2~18.04.1 finished at Tue, 28 Sep 2021 14:25:12 +0000. Datasource DataSourceNoCloud [seed=/dev/sdb][dsmode=net].  Up 14.79 seconds
[[0;32m  OK  [0m] Started Execute cloud user/final scripts.
[[0;32m  OK  [0m] Reached target Cloud-init target.

Ubuntu 18.04.6 LTS ubuntu-bionic ttyS0

ubuntu-bionic login: [[0;32m  OK  [0m] Stopped target Graphical Interface.
         Stopping Accounts Service...
         Stopping Availability of block devices...
         Stopping Authorization Manager...
[[0;32m  OK  [0m] Closed Load/Save RF Kill Switch Status /dev/rfkill Watch.
[[0;32m  OK  [0m] Stopped target Timers.
[[0;32m  OK  [0m] Stopped Daily Cleanup of Temporary Directories.
[[0;32m  OK  [0m] Stopped Ubuntu Advantage update messaging.
[[0;32m  OK  [0m] Stopped Discard unused blocks once a week.
[[0;32m  OK  [0m] Stopped Message of the Day.
[[0;32m  OK  [0m] Stopped Clean PHP session files every 30 mins.
[[0;32m  OK  [0m] Stopped Daily apt upgrade and clean activities.
[[0;32m  OK  [0m] Stopped Daily apt download activities.
[[0;32m  OK  [0m] Stopped target System Time Synchronized.
[[0;32m  OK  [0m] Stopped target Cloud-init target.
[[0;32m  OK  [0m] Stopped Execute cloud user/final scripts.
[[0;32m  OK  [0m] Stopped Apply the settings specified in cloud-config.
[[0;32m  OK  [0m] Stopped target Multi-User System.
[[0;32m  OK  [0m] Stopped target Login Prompts.
         Stopping Getty on tty1...
         Stopping irqbalance daemon...
         Stopping LSB: automatic crash report generation...
         Stopping OpenBSD Secure Shell server...
         Stopping FUSE filesystem for LXC...
[[0;32m  OK  [0m] Stopped Wait until snapd is fully seeded.
         Stopping System Logging Service...
         Stopping Dispatcher daemon for systemd-networkd...
         Stopping Login Service...
         Stopping MariaDB 10.1.48 database server...
         Stopping D-Bus System Message Bus...
         Stopping LXD - container startup/shutdown...
         Stopping Regular background program processing daemon...
         Stopping Virtualbox guest utils...
         Stopping Serial Getty on ttyS0...
[[0;32m  OK  [0m] Stopped target Cloud-config availability.
         Stopping The Apache HTTP Server...
         Stopping LSB: Record successful boot for GRUB...
         Stopping Deferred execution scheduler...
[[0;32m  OK  [0m] Stopped Accounts Service.
[[0;32m  OK  [0m] Unmounted /var/lib/lxcfs.
[[0;32m  OK  [0m] Stopped System Logging Service.
[[0;32m  OK  [0m] Stopped irqbalance daemon.
[[0;32m  OK  [0m] Stopped Deferred execution scheduler.
[[0;32m  OK  [0m] Stopped Regular background program processing daemon.
[[0;32m  OK  [0m] Stopped Dispatcher daemon for systemd-networkd.
[[0;32m  OK  [0m] Stopped OpenBSD Secure Shell server.
[[0;32m  OK  [0m] Stopped D-Bus System Message Bus.
[[0;32m  OK  [0m] Stopped LXD - container startup/shutdown.
[[0;32m  OK  [0m] Stopped LSB: Record successful boot for GRUB.
[[0;32m  OK  [0m] Stopped Authorization Manager.
[[0;32m  OK  [0m] Stopped Serial Getty on ttyS0.
[[0;32m  OK  [0m] Stopped Getty on tty1.
[[0;32m  OK  [0m] Stopped LSB: automatic crash report generation.
[[0;32m  OK  [0m] Removed slice system-getty.slice.
         Stopping Permit User Sessions...
[[0;32m  OK  [0m] Removed slice system-serial\x2dgetty.slice.
[[0;32m  OK  [0m] Stopped Permit User Sessions.
[[0;32m  OK  [0m] Stopped FUSE filesystem for LXC.
[[0;32m  OK  [0m] Stopped Availability of block devices.
[[0;32m  OK  [0m] Stopped Virtualbox guest utils.
[[0;32m  OK  [0m] Stopped Login Service.
[[0;32m  OK  [0m] Stopped target User and Group Name Lookups.
[[0;32m  OK  [0m] Stopped The Apache HTTP Server.
[[0;32m  OK  [0m] Stopped target Remote File Systems.
         Unmounting /vagrant...
[[0;32m  OK  [0m] Stopped target Host and Network Name Lookups.
[[0;32m  OK  [0m] Unmounted /vagrant.
[[0;32m  OK  [0m] Reached target Unmount All Filesystems.
[[0;32m  OK  [0m] Stopped target Remote File Systems (Pre).
[[0;32m  OK  [0m] Stopped target Network is Online.
[[0;32m  OK  [0m] Stopped MariaDB 10.1.48 database server.
[[0;32m  OK  [0m] Stopped target Basic System.
[[0;32m  OK  [0m] Stopped target Paths.
[[0;32m  OK  [0m] Stopped ACPI Events Check.
[[0;32m  OK  [0m] Stopped target Slices.
[[0;32m  OK  [0m] Removed slice User and Session Slice.
[[0;32m  OK  [0m] Stopped target Sockets.
[[0;32m  OK  [0m] Closed ACPID Listen Socket.
[[0;32m  OK  [0m] Closed D-Bus System Message Bus Socket.
[[0;32m  OK  [0m] Closed Open-iSCSI iscsid Socket.
[[0;32m  OK  [0m] Closed LXD - unix socket.
[[0;32m  OK  [0m] Closed Syslog Socket.
[[0;32m  OK  [0m] Closed UUID daemon activation socket.
[[0;32m  OK  [0m] Closed Socket activation for snappy daemon.
[[0;32m  OK  [0m] Stopped target Network.
         Stopping Network Name Resolution...
[[0;32m  OK  [0m] Stopped target System Initialization.
[[0;32m  OK  [0m] Stopped Initial cloud-init job (metadata service crawler).
[[0;32m  OK  [0m] Stopped Wait for Network to be Configured.
         Stopping Load/Save Random Seed...
[[0;32m  OK  [0m] Stopped Commit a transient machine-id on disk.
[[0;32m  OK  [0m] Stopped target Swap.
[[0;32m  OK  [0m] Stopped target Local Encrypted Volumes.
[[0;32m  OK  [0m] Stopped Forward Password Requests to Wall Directory Watch.
[[0;32m  OK  [0m] Stopped Dispatch Password Requests to Console Directory Watch.
         Stopping Update UTMP about System Boot/Shutdown...
[[0;32m  OK  [0m] Stopped Network Name Resolution.
[[0;32m  OK  [0m] Stopped Load/Save Random Seed.
         Stopping Network Service...
[[0;32m  OK  [0m] Stopped Update UTMP about System Boot/Shutdown.
[[0;32m  OK  [0m] Stopped Create Volatile Files and Directories.
[[0;32m  OK  [0m] Stopped target Local File Systems.
[[0;32m  OK  [0m] Stopped target Local File Systems (Pre).
         Stopping Monitoring of LVM2 mirrors…ng dmeventd or progress polling...
[[0;32m  OK  [0m] Stopped Create Static Device Nodes in /dev.
[[0;32m  OK  [0m] Stopped Monitoring of LVM2 mirrors,…sing dmeventd or progress polling.
         Stopping LVM2 metadata daemon...
[[0;32m  OK  [0m] Stopped LVM2 metadata daemon.
[[0;32m  OK  [0m] Stopped Network Service.
[[0;32m  OK  [0m] Stopped Apply Kernel Variables.
[[0;32m  OK  [0m] Stopped Load Kernel Modules.
[[0;32m  OK  [0m] Stopped target Network (Pre).
[[0;32m  OK  [0m] Stopped Initial cloud-init job (pre-networking).
[[0;32m  OK  [0m] Stopped Remount Root and Kernel File Systems.
[[0;32m  OK  [0m] Reached target Shutdown.
[[0;32m  OK  [0m] Reached target Final Step.
         Starting Power-Off...
[  419.237333] reboot: Power down
